Build started 10/20/2013 3:55:23 PM.
     1>Project "C:\Users\Nicholas\Documents\Visual Studio 2012\Projects\Nyx\Nyx\Nyx.vcxproj" on node 2 (Build target(s)).
     1>ClCompile:
         C:\Program Files (x86)\Microsoft Visual Studio 11.0\VC\bin\CL.exe /c /I"C:\SFML-2.1\include" /IC:\dev\steamworkssdk\public\steam /ZI /nologo /W3 /WX- /sdl /Od /Oy- /D WIN32 /D _DEBUG /D _WINDOWS /D _CRT_SECURE_NO_WARNINGS /D _UNICODE /D UNICODE /Gm /EHsc /RTC1 /MDd /GS /fp:precise /Zc:wchar_t /Zc:forScope /Fo"Debug\\" /Fd"Debug\vc110.pdb" /Gd /TP /analyze- /errorReport:prompt UnmoveableObject.cpp
         UnmoveableObject.cpp
     1>c:\users\nicholas\documents\visual studio 2012\projects\nyx\nyx\inifile.h(111): warning C4800: 'int' : forcing value to bool 'true' or 'false' (performance warning)
       Link:
         C:\Program Files (x86)\Microsoft Visual Studio 11.0\VC\bin\link.exe /ERRORREPORT:PROMPT /OUT:"C:\Users\Nicholas\Documents\Visual Studio 2012\Projects\Nyx\Debug\Nyx.exe" /INCREMENTAL /NOLOGO /LIBPATH:"C:\SFML-2.1\lib" /LIBPATH:C:\dev\steamworkssdk\redistributable_bin "sfml-graphics-d.lib" "sfml-window-d.lib" "sfml-system-d.lib" "sfml-audio-d.lib" "sfml-network-d.lib" steam_api.lib "sfml-main-d.lib" kernel32.lib user32.lib gdi32.lib winspool.lib comdlg32.lib advapi32.lib shell32.lib ole32.lib oleaut32.lib uuid.lib odbc32.lib odbccp32.lib /MANIFEST /MANIFESTUAC:"level='asInvoker' uiAccess='false'" /manifest:embed /DEBUG /PDB:"C:\Users\Nicholas\Documents\Visual Studio 2012\Projects\Nyx\Debug\Nyx.pdb" /SUBSYSTEM:CONSOLE /TLBID:1 /DYNAMICBASE /NXCOMPAT /IMPLIB:"C:\Users\Nicholas\Documents\Visual Studio 2012\Projects\Nyx\Debug\Nyx.lib" /MACHINE:X86 Debug\Enemy.obj
         Debug\Entity.obj
         Debug\EntityManager.obj
         Debug\iniFile.obj
         Debug\Main.obj
         Debug\Nyx.obj
         Debug\UnmoveableObject.obj
         Debug\World.obj
         Debug\Player.obj
         Debug\Utility.obj
         Debug\Xbox360.obj
         Nyx.vcxproj -> C:\Users\Nicholas\Documents\Visual Studio 2012\Projects\Nyx\Debug\Nyx.exe
     1>Done Building Project "C:\Users\Nicholas\Documents\Visual Studio 2012\Projects\Nyx\Nyx\Nyx.vcxproj" (Build target(s)).

Build succeeded.

Time Elapsed 00:00:01.59
