c:\users\nicholas\documents\github\nyx\debug\nyx.bsc
c:\users\nicholas\documents\github\nyx\nyx\debug\vc120.pdb
c:\users\nicholas\documents\github\nyx\nyx\debug\vc120.idb
c:\users\nicholas\documents\github\nyx\nyx\debug\xbox360.sbr
c:\users\nicholas\documents\github\nyx\nyx\debug\utility.sbr
c:\users\nicholas\documents\github\nyx\nyx\debug\player.sbr
c:\users\nicholas\documents\github\nyx\nyx\debug\world.sbr
c:\users\nicholas\documents\github\nyx\nyx\debug\nyx.sbr
c:\users\nicholas\documents\github\nyx\nyx\debug\main.sbr
c:\users\nicholas\documents\github\nyx\nyx\debug\inifile.sbr
c:\users\nicholas\documents\github\nyx\nyx\debug\entitymanager.sbr
c:\users\nicholas\documents\github\nyx\nyx\debug\entity.sbr
c:\users\nicholas\documents\github\nyx\nyx\debug\enemy.sbr
c:\users\nicholas\documents\github\nyx\nyx\debug\enemy.obj
c:\users\nicholas\documents\github\nyx\nyx\debug\entity.obj
c:\users\nicholas\documents\github\nyx\nyx\debug\entitymanager.obj
c:\users\nicholas\documents\github\nyx\nyx\debug\inifile.obj
c:\users\nicholas\documents\github\nyx\nyx\debug\main.obj
c:\users\nicholas\documents\github\nyx\nyx\debug\world.obj
c:\users\nicholas\documents\github\nyx\nyx\debug\player.obj
c:\users\nicholas\documents\github\nyx\nyx\debug\utility.obj
c:\users\nicholas\documents\github\nyx\nyx\debug\xbox360.obj
c:\users\nicholas\documents\github\nyx\nyx\debug\nyx.obj
c:\users\nicholas\documents\github\nyx\nyx\debug\velocitycomponent.sbr
c:\users\nicholas\documents\github\nyx\nyx\debug\positioncomponent.sbr
c:\users\nicholas\documents\github\nyx\nyx\debug\component.sbr
c:\users\nicholas\documents\github\nyx\nyx\debug\component.obj
c:\users\nicholas\documents\github\nyx\nyx\debug\positioncomponent.obj
c:\users\nicholas\documents\github\nyx\nyx\debug\velocitycomponent.obj
c:\users\nicholas\documents\github\nyx\debug\nyx.ilk
c:\users\nicholas\documents\github\nyx\debug\nyx.exe
c:\users\nicholas\documents\github\nyx\debug\nyx.pdb
c:\users\nicholas\documents\github\nyx\nyx\debug\nyx.tlog\bscmake.command.1.tlog
c:\users\nicholas\documents\github\nyx\nyx\debug\nyx.tlog\bscmake.read.1.tlog
c:\users\nicholas\documents\github\nyx\nyx\debug\nyx.tlog\bscmake.write.1.tlog
c:\users\nicholas\documents\github\nyx\nyx\debug\nyx.tlog\cl.command.1.tlog
c:\users\nicholas\documents\github\nyx\nyx\debug\nyx.tlog\cl.read.1.tlog
c:\users\nicholas\documents\github\nyx\nyx\debug\nyx.tlog\cl.write.1.tlog
c:\users\nicholas\documents\github\nyx\nyx\debug\nyx.tlog\link.command.1.tlog
c:\users\nicholas\documents\github\nyx\nyx\debug\nyx.tlog\link.read.1.tlog
c:\users\nicholas\documents\github\nyx\nyx\debug\nyx.tlog\link.write.1.tlog
