Build started 10/2/2013 10:43:40 PM.
     1>Project "C:\Users\Nicholas\Documents\Visual Studio 2012\Projects\Nyx\Nyx\Nyx.vcxproj" on node 2 (Build target(s)).
     1>ClCompile:
         C:\Program Files (x86)\Microsoft Visual Studio 11.0\VC\bin\x86_amd64\CL.exe /c /I"C:\SFML-2.1\include" /Zi /nologo /W3 /WX- /sdl /Od /D WIN32 /D _DEBUG /D _WINDOWS /D _UNICODE /D UNICODE /Gm /EHsc /RTC1 /MDd /GS /fp:precise /Zc:wchar_t /Zc:forScope /Fo"x64\Debug\\" /Fd"x64\Debug\vc110.pdb" /Gd /TP /errorReport:prompt Enemy.cpp Entity.cpp EntityManager.cpp Main.cpp Nyx.cpp Player.cpp Utility.cpp World.cpp
         Enemy.cpp
     1>c:\users\nicholas\documents\visual studio 2012\projects\nyx\nyx\iniFile.h(78): warning C4267: 'return' : conversion from 'size_t' to 'unsigned int', possible loss of data
     1>c:\users\nicholas\documents\visual studio 2012\projects\nyx\nyx\iniFile.h(111): warning C4800: 'int' : forcing value to bool 'true' or 'false' (performance warning)
     1>c:\users\nicholas\documents\visual studio 2012\projects\nyx\nyx\iniFile.h(148): warning C4267: 'return' : conversion from 'size_t' to 'unsigned int', possible loss of data
         Generating Code...
         Skipping... (no relevant changes detected)
         World.cpp
         Utility.cpp
         Player.cpp
         Nyx.cpp
         Main.cpp
         EntityManager.cpp
         Entity.cpp
       Link:
         C:\Program Files (x86)\Microsoft Visual Studio 11.0\VC\bin\x86_amd64\link.exe /ERRORREPORT:PROMPT /OUT:"C:\Users\Nicholas\Documents\Visual Studio 2012\Projects\Nyx\x64\Debug\Nyx.exe" /INCREMENTAL /NOLOGO /LIBPATH:"C:\SFML-2.1\lib" "sfml-graphics-d.lib" "sfml-window-d.lib" "sfml-system-d.lib" "sfml-audio-d.lib" "sfml-network-d.lib" "sfml-main-d.lib" kernel32.lib user32.lib gdi32.lib winspool.lib comdlg32.lib advapi32.lib shell32.lib ole32.lib oleaut32.lib uuid.lib odbc32.lib odbccp32.lib /MANIFEST /MANIFESTUAC:"level='asInvoker' uiAccess='false'" /manifest:embed /DEBUG /PDB:"C:\Users\Nicholas\Documents\Visual Studio 2012\Projects\Nyx\x64\Debug\Nyx.pdb" /SUBSYSTEM:CONSOLE /TLBID:1 /DYNAMICBASE /NXCOMPAT /IMPLIB:"C:\Users\Nicholas\Documents\Visual Studio 2012\Projects\Nyx\x64\Debug\Nyx.lib" /MACHINE:X64 x64\Debug\Enemy.obj
         x64\Debug\Entity.obj
         x64\Debug\EntityManager.obj
         x64\Debug\iniFile.obj
         x64\Debug\Main.obj
         x64\Debug\Nyx.obj
         x64\Debug\World.obj
         x64\Debug\Player.obj
         x64\Debug\Utility.obj
         x64\Debug\Xbox360.obj
         Nyx.vcxproj -> C:\Users\Nicholas\Documents\Visual Studio 2012\Projects\Nyx\x64\Debug\Nyx.exe
     1>Done Building Project "C:\Users\Nicholas\Documents\Visual Studio 2012\Projects\Nyx\Nyx\Nyx.vcxproj" (Build target(s)).

Build succeeded.

Time Elapsed 00:00:01.54
